<?xml version="1.0" encoding="UTF-8"?>
<!-- Generated by org.testng.reporters.JUnitXMLReporter -->
<testsuite ignored="0" hostname="DESKTOP-4EIK5AH" failures="0" tests="4" name="Default test" time="47.314" errors="0" timestamp="2022-08-07T21:39:02 IST">
  <testcase classname="tests.NewContactPageTest" name="@BeforeMethod initialization" time="45.276">
    <failure type="java.lang.IllegalArgumentException" message="Keys to send should be a not null CharSequence">
      <![CDATA[java.lang.IllegalArgumentException: Keys to send should be a not null CharSequence
at org.openqa.selenium.remote.RemoteWebElement.sendKeys(RemoteWebElement.java:98)
at java.base/jdk.internal.reflect.DirectMethodHandleAccessor.invoke(DirectMethodHandleAccessor.java:104)
at java.base/java.lang.reflect.Method.invoke(Method.java:577)
at org.openqa.selenium.support.pagefactory.internal.LocatingElementHandler.invoke(LocatingElementHandler.java:52)
at jdk.proxy2/jdk.proxy2.$Proxy17.sendKeys(Unknown Source)
at pages.LoginPage.login(LoginPage.java:34)
at tests.NewContactPageTest.initialization(NewContactPageTest.java:30)
at java.base/jdk.internal.reflect.DirectMethodHandleAccessor.invoke(DirectMethodHandleAccessor.java:104)
at java.base/java.lang.reflect.Method.invoke(Method.java:577)
at org.testng.internal.MethodInvocationHelper.invokeMethod(MethodInvocationHelper.java:134)
at org.testng.internal.MethodInvocationHelper.invokeMethodConsideringTimeout(MethodInvocationHelper.java:63)
at org.testng.internal.ConfigInvoker.invokeConfigurationMethod(ConfigInvoker.java:348)
at org.testng.internal.ConfigInvoker.invokeConfigurations(ConfigInvoker.java:302)
at org.testng.internal.TestInvoker.runConfigMethods(TestInvoker.java:695)
at org.testng.internal.TestInvoker.invokeMethod(TestInvoker.java:523)
at org.testng.internal.TestInvoker.invokeTestMethod(TestInvoker.java:173)
at org.testng.internal.MethodRunner.runInSequence(MethodRunner.java:46)
at org.testng.internal.TestInvoker$MethodInvocationAgent.invoke(TestInvoker.java:816)
at org.testng.internal.TestInvoker.invokeTestMethods(TestInvoker.java:146)
at org.testng.internal.TestMethodWorker.invokeTestMethods(TestMethodWorker.java:146)
at org.testng.internal.TestMethodWorker.run(TestMethodWorker.java:128)
at java.base/java.util.ArrayList.forEach(ArrayList.java:1511)
at org.testng.TestRunner.privateRun(TestRunner.java:766)
at org.testng.TestRunner.run(TestRunner.java:587)
at org.testng.SuiteRunner.runTest(SuiteRunner.java:384)
at org.testng.SuiteRunner.runSequentially(SuiteRunner.java:378)
at org.testng.SuiteRunner.privateRun(SuiteRunner.java:337)
at org.testng.SuiteRunner.run(SuiteRunner.java:286)
at org.testng.SuiteRunnerWorker.runSuite(SuiteRunnerWorker.java:53)
at org.testng.SuiteRunnerWorker.run(SuiteRunnerWorker.java:96)
at org.testng.TestNG.runSuitesSequentially(TestNG.java:1187)
at org.testng.TestNG.runSuitesLocally(TestNG.java:1109)
at org.testng.TestNG.runSuites(TestNG.java:1039)
at org.testng.TestNG.run(TestNG.java:1007)
at org.testng.remote.AbstractRemoteTestNG.run(AbstractRemoteTestNG.java:115)
at org.testng.remote.RemoteTestNG.initAndRun(RemoteTestNG.java:251)
at org.testng.remote.RemoteTestNG.main(RemoteTestNG.java:77)
]]>
    </failure>
  </testcase> <!-- @BeforeMethod initialization -->
  <testcase classname="tests.NewContactPageTest" name="@AfterMethod closeResources" time="-1.659888542676E9">
    <skipped/>
  </testcase> <!-- @AfterMethod closeResources -->
  <testcase classname="tests.NewContactPageTest" name="@BeforeMethod initialization" time="-1.659888542681E9">
    <skipped/>
  </testcase> <!-- @BeforeMethod initialization -->
  <testcase classname="tests.NewContactPageTest" name="@AfterMethod closeResources" time="-1.659888542691E9">
    <skipped/>
  </testcase> <!-- @AfterMethod closeResources -->
  <testcase classname="tests.NewContactPageTest" name="@BeforeMethod initialization" time="-1.659888542701E9">
    <skipped/>
  </testcase> <!-- @BeforeMethod initialization -->
  <testcase classname="tests.NewContactPageTest" name="@AfterMethod closeResources" time="-1.659888542711E9">
    <skipped/>
  </testcase> <!-- @AfterMethod closeResources -->
  <testcase classname="tests.NewContactPageTest" name="@BeforeMethod initialization" time="-1.65988854272E9">
    <skipped/>
  </testcase> <!-- @BeforeMethod initialization -->
  <testcase classname="tests.NewContactPageTest" name="@AfterMethod closeResources" time="-1.659888542735E9">
    <skipped/>
  </testcase> <!-- @AfterMethod closeResources -->
  <testcase classname="tests.NewContactPageTest" name="validateNewCreateContactTest" time="0.0">
    <skipped/>
  </testcase> <!-- validateNewCreateContactTest -->
  <testcase classname="tests.NewContactPageTest" name="validateNewCreateContactTest" time="0.0">
    <skipped/>
  </testcase> <!-- validateNewCreateContactTest -->
  <testcase classname="tests.NewContactPageTest" name="validateNewCreateContactTest" time="0.0">
    <skipped/>
  </testcase> <!-- validateNewCreateContactTest -->
  <testcase classname="tests.NewContactPageTest" name="validateNewCreateContactTest" time="0.0">
    <skipped/>
  </testcase> <!-- validateNewCreateContactTest -->
</testsuite> <!-- Default test -->
