<?xml version="1.0" encoding="UTF-8"?>
<!-- Generated by org.testng.reporters.JUnitXMLReporter -->
<testsuite ignored="0" hostname="DESKTOP-4EIK5AH" failures="1" tests="1" name="regression" time="78.097" errors="0" timestamp="2022-08-04T20:45:18 IST">
  <testcase classname="tests.HomePageTest" name="validateLogoutTest" time="20.068">
    <failure type="org.openqa.selenium.NoSuchFrameException" message="No frame element found by name or id minpanel
Build info: version: &amp;apos;4.3.0&amp;apos;, revision: &amp;apos;a4995e2c09*&amp;apos;
System info: host: &amp;apos;DESKTOP-4EIK5AH&amp;apos;, ip: &amp;apos;192.168.43.180&amp;apos;, os.name: &amp;apos;Windows 11&amp;apos;, os.arch: &amp;apos;amd64&amp;apos;, os.version: &amp;apos;10.0&amp;apos;, java.version: &amp;apos;18.0.1&amp;apos;
Driver info: driver.version: unknown">
      <![CDATA[org.openqa.selenium.NoSuchFrameException: No frame element found by name or id minpanel
Build info: version: '4.3.0', revision: 'a4995e2c09*'
System info: host: 'DESKTOP-4EIK5AH', ip: '192.168.43.180', os.name: 'Windows 11', os.arch: 'amd64', os.version: '10.0', java.version: '18.0.1'
Driver info: driver.version: unknown
at org.openqa.selenium.remote.RemoteWebDriver$RemoteTargetLocator.frame(RemoteWebDriver.java:1088)
at util.Utility.switchToMainFrame(Utility.java:8)
at tests.HomePageTest.validateLogoutTest(HomePageTest.java:34)
at java.base/java.util.ArrayList.forEach(ArrayList.java:1511)
... Removed 25 stack frames]]>
    </failure>
  </testcase> <!-- validateLogoutTest -->
</testsuite> <!-- regression -->
